<?xml version="1.0" encoding="UTF-8"?>
<!-- Generated by org.testng.reporters.JUnitXMLReporter -->
<testsuite hostname="AOPT3010311311" name="AccountDao" tests="8" failures="0" timestamp="22 Jan 2014 14:23:05 GMT" time="0.488" errors="0">
  <testcase name="createAccountInvalidClientId" time="0.007" classname="com.payulatam.samples.bank.test.service.AccountDaoTest"/>
  <testcase name="createValidAccount" time="0.004" classname="com.payulatam.samples.bank.test.service.AccountDaoTest"/>
  <testcase name="deleteAccountInvalidId" time="0.001" classname="com.payulatam.samples.bank.test.service.AccountDaoTest"/>
  <testcase name="deleteValidAccount" time="0.001" classname="com.payulatam.samples.bank.test.service.AccountDaoTest"/>
  <testcase name="searchAcountById" time="0.001" classname="com.payulatam.samples.bank.test.service.AccountDaoTest"/>
  <testcase name="searchAcountByNonExistentId" time="0.0" classname="com.payulatam.samples.bank.test.service.AccountDaoTest"/>
  <testcase name="searchAcountsByClientId" time="0.002" classname="com.payulatam.samples.bank.test.service.AccountDaoTest"/>
  <testcase name="searchAcountsByNonExistentClientId" time="0.0" classname="com.payulatam.samples.bank.test.service.AccountDaoTest"/>
</testsuite> <!-- AccountDao -->
