<?xml version="1.0" encoding="UTF-8"?>
<!-- Generated by org.testng.reporters.JUnitXMLReporter -->
<testsuite hostname="AOPT3010311311" name="ClientDao" tests="5" failures="0" timestamp="16 Jan 2014 15:20:54 GMT" time="0.013" errors="0">
  <testcase name="createValidClient" time="0.0" classname="com.payulatam.samples.bank.test.service.ClientDaoTest"/>
  <testcase name="deleteNonExistentClient" time="0.0" classname="com.payulatam.samples.bank.test.service.ClientDaoTest"/>
  <testcase name="searchById" time="0.0" classname="com.payulatam.samples.bank.test.service.ClientDaoTest"/>
  <testcase name="searchByNonExistentId" time="0.001" classname="com.payulatam.samples.bank.test.service.ClientDaoTest"/>
  <testcase name="updateNonExistingClient" time="0.0" classname="com.payulatam.samples.bank.test.service.ClientDaoTest"/>
</testsuite> <!-- ClientDao -->
