<?xml version="1.0" encoding="UTF-8"?>
<!-- Generated by org.testng.reporters.JUnitXMLReporter -->
<testsuite hostname="AOPT3010311311" name="ClientDAO" tests="4" failures="1" timestamp="15 Jan 2014 16:06:07 GMT" time="0.399" errors="0">
  <testcase name="createValidClient" time="0.009" classname="com.payulatam.samples.bank.test.ClientDaoTest"/>
  <testcase name="deleteNotExistingClient" time="0.001" classname="com.payulatam.samples.bank.test.ClientDaoTest"/>
  <testcase name="searchById" time="0.001" classname="com.payulatam.samples.bank.test.ClientDaoTest">
    <failure type="org.testng.TestException" message="
Expected exception java.util.NoSuchElementException but got org.testng.TestException: 
Method ClientDaoTest.searchById()[pri:0, instance:com.payulatam.samples.bank.test.ClientDaoTest@31407cec] should have thrown an exception of class java.util.NoSuchElementException">
      <![CDATA[org.testng.TestException: 
Method ClientDaoTest.searchById()[pri:0, instance:com.payulatam.samples.bank.test.ClientDaoTest@31407cec] should have thrown an exception of class java.util.NoSuchElementException
Method ClientDaoTest.searchById()[pri:0, instance:com.payulatam.samples.bank.test.ClientDaoTest@31407cec] should have thrown an exception of class java.util.NoSuchElementException
	... 16 more
... Removed 24 stack frames]]>
    </failure>
  </testcase> <!-- searchById -->
  <testcase name="updateNotExistingClient" time="0.001" classname="com.payulatam.samples.bank.test.ClientDaoTest"/>
</testsuite> <!-- ClientDAO -->
