<?xml version="1.0" encoding="UTF-8"?>
<!-- Generated by org.testng.reporters.JUnitXMLReporter -->
<testsuite hostname="AOPT3010311311" name="Integration" tests="12" failures="0" timestamp="23 Jan 2014 16:52:22 GMT" time="1.929" errors="0">
  <testcase name="createAccountAssignsId" time="0.029" classname="com.payulatam.samples.bank.test.service.integration.AccountServiceIntegrationTest"/>
  <testcase name="createAccountCreatesAccountWithBalanceEqual0" time="0.001" classname="com.payulatam.samples.bank.test.service.integration.AccountServiceIntegrationTest"/>
  <testcase name="createAccountCreatesAccountWithItsOwnerId" time="0.001" classname="com.payulatam.samples.bank.test.service.integration.AccountServiceIntegrationTest"/>
  <testcase name="createAccountWithNonExistentClientThrowsException" time="0.0" classname="com.payulatam.samples.bank.test.service.integration.AccountServiceIntegrationTest"/>
  <testcase name="deleteAccountDeletesAccountInGigaSpace" time="0.033" classname="com.payulatam.samples.bank.test.service.integration.AccountServiceIntegrationTest"/>
  <testcase name="deleteAccountDeletesItsTransactions" time="0.005" classname="com.payulatam.samples.bank.test.service.integration.AccountServiceIntegrationTest"/>
  <testcase name="deleteAccountReturnsDeletedAccount" time="0.001" classname="com.payulatam.samples.bank.test.service.integration.AccountServiceIntegrationTest"/>
  <testcase name="deleteNonExistentAccountThrowsException" time="0.0" classname="com.payulatam.samples.bank.test.service.integration.AccountServiceIntegrationTest"/>
  <testcase name="searchAcountByIdReturnsRightAccount" time="0.001" classname="com.payulatam.samples.bank.test.service.integration.AccountServiceIntegrationTest"/>
  <testcase name="searchAcountByNonExistentIdThrowsException" time="0.0" classname="com.payulatam.samples.bank.test.service.integration.AccountServiceIntegrationTest"/>
  <testcase name="searchAcountsByClientIdReturnsRightAccounts" time="0.037" classname="com.payulatam.samples.bank.test.service.integration.AccountServiceIntegrationTest"/>
  <testcase name="searchAcountsByNonExistentClientIdThrowsException" time="0.0" classname="com.payulatam.samples.bank.test.service.integration.AccountServiceIntegrationTest"/>
</testsuite> <!-- Integration -->
