<?xml version="1.0" encoding="UTF-8"?>
<!-- Generated by org.testng.reporters.JUnitXMLReporter -->
<testsuite hostname="AOPT3010311311" name="Mock" tests="36" failures="0" timestamp="23 Jan 2014 16:52:20 GMT" time="0.552" errors="0">
  <testcase name="createAccountInvalidClientId" time="0.008" classname="com.payulatam.samples.bank.test.service.AccountServiceTest"/>
  <testcase name="createValidAccount" time="0.003" classname="com.payulatam.samples.bank.test.service.AccountServiceTest"/>
  <testcase name="deleteAccountInvalidId" time="0.001" classname="com.payulatam.samples.bank.test.service.AccountServiceTest"/>
  <testcase name="deleteValidAccount" time="0.001" classname="com.payulatam.samples.bank.test.service.AccountServiceTest"/>
  <testcase name="searchAcountById" time="0.001" classname="com.payulatam.samples.bank.test.service.AccountServiceTest"/>
  <testcase name="searchAcountByNonExistentId" time="0.001" classname="com.payulatam.samples.bank.test.service.AccountServiceTest"/>
  <testcase name="searchAcountsByClientId" time="0.002" classname="com.payulatam.samples.bank.test.service.AccountServiceTest"/>
  <testcase name="searchAcountsByNonExistentClientId" time="0.0" classname="com.payulatam.samples.bank.test.service.AccountServiceTest"/>
  <testcase name="createValidClient" time="0.002" classname="com.payulatam.samples.bank.test.service.ClientServiceTest"/>
  <testcase name="deleteNonExistentClient" time="0.0" classname="com.payulatam.samples.bank.test.service.ClientServiceTest"/>
  <testcase name="searchById" time="0.001" classname="com.payulatam.samples.bank.test.service.ClientServiceTest"/>
  <testcase name="searchByNonExistentId" time="0.0" classname="com.payulatam.samples.bank.test.service.ClientServiceTest"/>
  <testcase name="updateNonExistingClient" time="0.0" classname="com.payulatam.samples.bank.test.service.ClientServiceTest"/>
  <testcase name="createCreditTransaction" time="0.001" classname="com.payulatam.samples.bank.test.service.TransactionServiceTest"/>
  <testcase name="createDebitTransaction" time="0.001" classname="com.payulatam.samples.bank.test.service.TransactionServiceTest"/>
  <testcase name="createInvalidCreditTransaction" time="0.0" classname="com.payulatam.samples.bank.test.service.TransactionServiceTest"/>
  <testcase name="createInvalidNegativeValueTransaction" time="0.001" classname="com.payulatam.samples.bank.test.service.TransactionServiceTest"/>
  <testcase name="createInvalidNullTypeTransaction" time="0.0" classname="com.payulatam.samples.bank.test.service.TransactionServiceTest"/>
  <testcase name="searchByAccountId" time="0.001" classname="com.payulatam.samples.bank.test.service.TransactionServiceTest"/>
  <testcase name="searchByClientId" time="0.002" classname="com.payulatam.samples.bank.test.service.TransactionServiceTest"/>
  <testcase name="searchByDateBetweenAndAccount" time="0.001" classname="com.payulatam.samples.bank.test.service.TransactionServiceTest"/>
  <testcase name="searchByDateBetweenAndClient" time="0.001" classname="com.payulatam.samples.bank.test.service.TransactionServiceTest"/>
  <testcase name="searchByDateBetweenAndNonExistentAccount" time="0.001" classname="com.payulatam.samples.bank.test.service.TransactionServiceTest"/>
  <testcase name="searchByIllegalDateRangeAndAccount" time="0.0" classname="com.payulatam.samples.bank.test.service.TransactionServiceTest"/>
  <testcase name="searchByIllegalDateRangeAndClient" time="0.0" classname="com.payulatam.samples.bank.test.service.TransactionServiceTest"/>
  <testcase name="searchByNonExistentAccountId" time="0.0" classname="com.payulatam.samples.bank.test.service.TransactionServiceTest"/>
  <testcase name="searchByNonExistentCientId" time="0.001" classname="com.payulatam.samples.bank.test.service.TransactionServiceTest"/>
  <testcase name="searchByNonExistentNumber" time="0.001" classname="com.payulatam.samples.bank.test.service.TransactionServiceTest"/>
  <testcase name="searchByNumber" time="0.0" classname="com.payulatam.samples.bank.test.service.TransactionServiceTest"/>
  <testcase name="searchBySameDateRangeAndAccount" time="0.0" classname="com.payulatam.samples.bank.test.service.TransactionServiceTest"/>
  <testcase name="createValidateEmptyName" time="0.0" classname="com.payulatam.samples.bank.test.service.UtilsTest"/>
  <testcase name="createValidateNameWithOutSpaces" time="0.001" classname="com.payulatam.samples.bank.test.service.UtilsTest"/>
  <testcase name="createValidateNameWithSpaces" time="0.0" classname="com.payulatam.samples.bank.test.service.UtilsTest"/>
  <testcase name="validateEmptyPhoneNumber" time="0.001" classname="com.payulatam.samples.bank.test.service.UtilsTest"/>
  <testcase name="validateInvalidPhoneNumber" time="0.0" classname="com.payulatam.samples.bank.test.service.UtilsTest"/>
  <testcase name="validatePhoneNumberWithSpaces" time="0.001" classname="com.payulatam.samples.bank.test.service.UtilsTest"/>
</testsuite> <!-- Mock -->
