<?xml version="1.0" encoding="UTF-8"?>
<!-- Generated by org.testng.reporters.JUnitXMLReporter -->
<testsuite hostname="AOPT3010311311" name="TransactionDao" tests="17" failures="0" timestamp="22 Jan 2014 22:21:08 GMT" time="0.041" errors="0">
  <testcase name="createCreditTransaction" time="0.001" classname="com.payulatam.samples.bank.test.service.TransactionServiceTest"/>
  <testcase name="createDebitTransaction" time="0.0" classname="com.payulatam.samples.bank.test.service.TransactionServiceTest"/>
  <testcase name="createInvalidCreditTransaction" time="0.001" classname="com.payulatam.samples.bank.test.service.TransactionServiceTest"/>
  <testcase name="createInvalidNegativeValueTransaction" time="0.0" classname="com.payulatam.samples.bank.test.service.TransactionServiceTest"/>
  <testcase name="createInvalidNullTypeTransaction" time="0.0" classname="com.payulatam.samples.bank.test.service.TransactionServiceTest"/>
  <testcase name="searchByAccountId" time="0.001" classname="com.payulatam.samples.bank.test.service.TransactionServiceTest"/>
  <testcase name="searchByClientId" time="0.002" classname="com.payulatam.samples.bank.test.service.TransactionServiceTest"/>
  <testcase name="searchByDateBetweenAndAccount" time="0.001" classname="com.payulatam.samples.bank.test.service.TransactionServiceTest"/>
  <testcase name="searchByDateBetweenAndClient" time="0.0" classname="com.payulatam.samples.bank.test.service.TransactionServiceTest"/>
  <testcase name="searchByDateBetweenAndNonExistentAccount" time="0.0" classname="com.payulatam.samples.bank.test.service.TransactionServiceTest"/>
  <testcase name="searchByIllegalDateRangeAndAccount" time="0.001" classname="com.payulatam.samples.bank.test.service.TransactionServiceTest"/>
  <testcase name="searchByIllegalDateRangeAndClient" time="0.0" classname="com.payulatam.samples.bank.test.service.TransactionServiceTest"/>
  <testcase name="searchByNonExistentAccountId" time="0.0" classname="com.payulatam.samples.bank.test.service.TransactionServiceTest"/>
  <testcase name="searchByNonExistentCientId" time="0.0" classname="com.payulatam.samples.bank.test.service.TransactionServiceTest"/>
  <testcase name="searchByNonExistentNumber" time="0.001" classname="com.payulatam.samples.bank.test.service.TransactionServiceTest"/>
  <testcase name="searchByNumber" time="0.001" classname="com.payulatam.samples.bank.test.service.TransactionServiceTest"/>
  <testcase name="searchBySameDateRangeAndAccount" time="0.001" classname="com.payulatam.samples.bank.test.service.TransactionServiceTest"/>
</testsuite> <!-- TransactionDao -->
