<?xml version="1.0" encoding="UTF-8"?>
<!-- Generated by org.testng.reporters.JUnitXMLReporter -->
<testsuite hostname="AOPT3010311311" name="Utils" tests="6" failures="0" timestamp="22 Jan 2014 22:21:08 GMT" time="0.005" errors="0">
  <testcase name="createValidateEmptyName" time="0.001" classname="com.payulatam.samples.bank.test.service.UtilsTest"/>
  <testcase name="createValidateNameWithOutSpaces" time="0.001" classname="com.payulatam.samples.bank.test.service.UtilsTest"/>
  <testcase name="createValidateNameWithSpaces" time="0.0" classname="com.payulatam.samples.bank.test.service.UtilsTest"/>
  <testcase name="validateEmptyPhoneNumber" time="0.001" classname="com.payulatam.samples.bank.test.service.UtilsTest"/>
  <testcase name="validateInvalidPhoneNumber" time="0.0" classname="com.payulatam.samples.bank.test.service.UtilsTest"/>
  <testcase name="validatePhoneNumberWithSpaces" time="0.0" classname="com.payulatam.samples.bank.test.service.UtilsTest"/>
</testsuite> <!-- Utils -->
