<?xml version="1.0" encoding="UTF-8"?>
<!-- Generated by org.testng.reporters.JUnitXMLReporter -->
<testsuite hostname="AOPT3010311311" name="Utils" tests="6" failures="0" timestamp="15 Jan 2014 16:06:07 GMT" time="0.007" errors="0">
  <testcase name="createValidateEmptyName" time="0.0" classname="com.payulatam.samples.bank.test.UtilsTest"/>
  <testcase name="createValidateNameWithOutSpaces" time="0.0" classname="com.payulatam.samples.bank.test.UtilsTest"/>
  <testcase name="createValidateNameWithSpaces" time="0.0" classname="com.payulatam.samples.bank.test.UtilsTest"/>
  <testcase name="validateEmptyPhoneNumber" time="0.0" classname="com.payulatam.samples.bank.test.UtilsTest"/>
  <testcase name="validateInvalidPhoneNumber" time="0.0" classname="com.payulatam.samples.bank.test.UtilsTest"/>
  <testcase name="validatePhoneNumberWithSpaces" time="0.0" classname="com.payulatam.samples.bank.test.UtilsTest"/>
</testsuite> <!-- Utils -->
