<?xml version="1.0" encoding="UTF-8"?>
<testng-results skipped="0" failed="0" total="12" passed="12">
  <reporter-output>
  </reporter-output>
  <suite name="Default suite" duration-ms="2339" started-at="2014-01-23T16:29:04Z" finished-at="2014-01-23T16:29:07Z">
    <groups>
    </groups>
    <test name="Default test" duration-ms="2339" started-at="2014-01-23T16:29:04Z" finished-at="2014-01-23T16:29:07Z">
      <class name="com.payulatam.samples.bank.test.service.integration.AccountServiceIntegrationTest">
        <test-method status="PASS" signature="springTestContextBeforeTestClass()[pri:0, instance:com.payulatam.samples.bank.test.service.integration.AccountServiceIntegrationTest@3fea4043]" name="springTestContextBeforeTestClass" is-config="true" duration-ms="6" started-at="2014-01-23T11:29:04Z" finished-at="2014-01-23T11:29:04Z">
          <reporter-output>
          </reporter-output>
        </test-method> <!-- springTestContextBeforeTestClass -->
        <test-method status="PASS" signature="springTestContextPrepareTestInstance()[pri:0, instance:com.payulatam.samples.bank.test.service.integration.AccountServiceIntegrationTest@3fea4043]" name="springTestContextPrepareTestInstance" is-config="true" duration-ms="2147" started-at="2014-01-23T11:29:04Z" depends-on-methods="org.springframework.test.context.testng.AbstractTestNGSpringContextTests.springTestContextBeforeTestClass" finished-at="2014-01-23T11:29:07Z">
          <reporter-output>
          </reporter-output>
        </test-method> <!-- springTestContextPrepareTestInstance -->
        <test-method status="PASS" signature="springTestContextBeforeTestMethod(java.lang.reflect.Method)[pri:0, instance:com.payulatam.samples.bank.test.service.integration.AccountServiceIntegrationTest@3fea4043]" name="springTestContextBeforeTestMethod" is-config="true" duration-ms="1" started-at="2014-01-23T11:29:07Z" finished-at="2014-01-23T11:29:07Z">
          <params>
            <param index="0">
              <value>
                <![CDATA[public void com.payulatam.samples.bank.test.service.integration.AccountServiceIntegrationTest.createAccountAssignsId()]]>
              </value>
            </param>
          </params>
          <reporter-output>
          </reporter-output>
        </test-method> <!-- springTestContextBeforeTestMethod -->
        <test-method status="PASS" signature="beforeMethod()[pri:0, instance:com.payulatam.samples.bank.test.service.integration.AccountServiceIntegrationTest@3fea4043]" name="beforeMethod" is-config="true" duration-ms="18" started-at="2014-01-23T11:29:07Z" finished-at="2014-01-23T11:29:07Z">
          <reporter-output>
          </reporter-output>
        </test-method> <!-- beforeMethod -->
        <test-method status="PASS" signature="createAccountAssignsId()[pri:0, instance:com.payulatam.samples.bank.test.service.integration.AccountServiceIntegrationTest@3fea4043]" name="createAccountAssignsId" duration-ms="35" started-at="2014-01-23T11:29:07Z" finished-at="2014-01-23T11:29:07Z">
          <reporter-output>
          </reporter-output>
        </test-method> <!-- createAccountAssignsId -->
        <test-method status="PASS" signature="springTestContextAfterTestMethod(java.lang.reflect.Method)[pri:0, instance:com.payulatam.samples.bank.test.service.integration.AccountServiceIntegrationTest@3fea4043]" name="springTestContextAfterTestMethod" is-config="true" duration-ms="1" started-at="2014-01-23T11:29:07Z" finished-at="2014-01-23T11:29:07Z">
          <params>
            <param index="0">
              <value>
                <![CDATA[public void com.payulatam.samples.bank.test.service.integration.AccountServiceIntegrationTest.createAccountAssignsId()]]>
              </value>
            </param>
          </params>
          <reporter-output>
          </reporter-output>
        </test-method> <!-- springTestContextAfterTestMethod -->
        <test-method status="PASS" signature="beforeMethod()[pri:0, instance:com.payulatam.samples.bank.test.service.integration.AccountServiceIntegrationTest@3fea4043]" name="beforeMethod" is-config="true" duration-ms="2" started-at="2014-01-23T11:29:07Z" finished-at="2014-01-23T11:29:07Z">
          <reporter-output>
          </reporter-output>
        </test-method> <!-- beforeMethod -->
        <test-method status="PASS" signature="springTestContextBeforeTestMethod(java.lang.reflect.Method)[pri:0, instance:com.payulatam.samples.bank.test.service.integration.AccountServiceIntegrationTest@3fea4043]" name="springTestContextBeforeTestMethod" is-config="true" duration-ms="0" started-at="2014-01-23T11:29:07Z" finished-at="2014-01-23T11:29:07Z">
          <params>
            <param index="0">
              <value>
                <![CDATA[public void com.payulatam.samples.bank.test.service.integration.AccountServiceIntegrationTest.createAccountCreatesAccountWithBalanceEqual0()]]>
              </value>
            </param>
          </params>
          <reporter-output>
          </reporter-output>
        </test-method> <!-- springTestContextBeforeTestMethod -->
        <test-method status="PASS" signature="createAccountCreatesAccountWithBalanceEqual0()[pri:0, instance:com.payulatam.samples.bank.test.service.integration.AccountServiceIntegrationTest@3fea4043]" name="createAccountCreatesAccountWithBalanceEqual0" duration-ms="0" started-at="2014-01-23T11:29:07Z" finished-at="2014-01-23T11:29:07Z">
          <reporter-output>
          </reporter-output>
        </test-method> <!-- createAccountCreatesAccountWithBalanceEqual0 -->
        <test-method status="PASS" signature="beforeMethod()[pri:0, instance:com.payulatam.samples.bank.test.service.integration.AccountServiceIntegrationTest@3fea4043]" name="beforeMethod" is-config="true" duration-ms="1" started-at="2014-01-23T11:29:07Z" finished-at="2014-01-23T11:29:07Z">
          <reporter-output>
          </reporter-output>
        </test-method> <!-- beforeMethod -->
        <test-method status="PASS" signature="springTestContextAfterTestMethod(java.lang.reflect.Method)[pri:0, instance:com.payulatam.samples.bank.test.service.integration.AccountServiceIntegrationTest@3fea4043]" name="springTestContextAfterTestMethod" is-config="true" duration-ms="0" started-at="2014-01-23T11:29:07Z" finished-at="2014-01-23T11:29:07Z">
          <params>
            <param index="0">
              <value>
                <![CDATA[public void com.payulatam.samples.bank.test.service.integration.AccountServiceIntegrationTest.createAccountCreatesAccountWithBalanceEqual0()]]>
              </value>
            </param>
          </params>
          <reporter-output>
          </reporter-output>
        </test-method> <!-- springTestContextAfterTestMethod -->
        <test-method status="PASS" signature="springTestContextBeforeTestMethod(java.lang.reflect.Method)[pri:0, instance:com.payulatam.samples.bank.test.service.integration.AccountServiceIntegrationTest@3fea4043]" name="springTestContextBeforeTestMethod" is-config="true" duration-ms="0" started-at="2014-01-23T11:29:07Z" finished-at="2014-01-23T11:29:07Z">
          <params>
            <param index="0">
              <value>
                <![CDATA[public void com.payulatam.samples.bank.test.service.integration.AccountServiceIntegrationTest.createAccountCreatesAccountWithItsOwnerId()]]>
              </value>
            </param>
          </params>
          <reporter-output>
          </reporter-output>
        </test-method> <!-- springTestContextBeforeTestMethod -->
        <test-method status="PASS" signature="createAccountCreatesAccountWithItsOwnerId()[pri:0, instance:com.payulatam.samples.bank.test.service.integration.AccountServiceIntegrationTest@3fea4043]" name="createAccountCreatesAccountWithItsOwnerId" duration-ms="0" started-at="2014-01-23T11:29:07Z" finished-at="2014-01-23T11:29:07Z">
          <reporter-output>
          </reporter-output>
        </test-method> <!-- createAccountCreatesAccountWithItsOwnerId -->
        <test-method status="PASS" signature="springTestContextAfterTestMethod(java.lang.reflect.Method)[pri:0, instance:com.payulatam.samples.bank.test.service.integration.AccountServiceIntegrationTest@3fea4043]" name="springTestContextAfterTestMethod" is-config="true" duration-ms="1" started-at="2014-01-23T11:29:07Z" finished-at="2014-01-23T11:29:07Z">
          <params>
            <param index="0">
              <value>
                <![CDATA[public void com.payulatam.samples.bank.test.service.integration.AccountServiceIntegrationTest.createAccountCreatesAccountWithItsOwnerId()]]>
              </value>
            </param>
          </params>
          <reporter-output>
          </reporter-output>
        </test-method> <!-- springTestContextAfterTestMethod -->
        <test-method status="PASS" signature="createAccountWithNonExistentClientThrowsException()[pri:0, instance:com.payulatam.samples.bank.test.service.integration.AccountServiceIntegrationTest@3fea4043]" name="createAccountWithNonExistentClientThrowsException" duration-ms="1" started-at="2014-01-23T11:29:07Z" finished-at="2014-01-23T11:29:07Z">
          <exception class="java.util.NoSuchElementException">
            <full-stacktrace>
              <![CDATA[java.util.NoSuchElementException
	at com.payulatam.samples.bank.service.impl.AccountService.create(AccountService.java:37)
	at sun.reflect.NativeMethodAccessorImpl.invoke0(Native Method)
	at sun.reflect.NativeMethodAccessorImpl.invoke(NativeMethodAccessorImpl.java:57)
	at sun.reflect.DelegatingMethodAccessorImpl.invoke(DelegatingMethodAccessorImpl.java:43)
	at java.lang.reflect.Method.invoke(Method.java:606)
	at org.springframework.aop.support.AopUtils.invokeJoinpointUsingReflection(AopUtils.java:319)
	at org.springframework.aop.framework.JdkDynamicAopProxy.invoke(JdkDynamicAopProxy.java:196)
	at com.sun.proxy.$Proxy29.create(Unknown Source)
	at com.payulatam.samples.bank.test.service.integration.AccountServiceIntegrationTest.createAccountWithNonExistentClientThrowsException(AccountServiceIntegrationTest.java:75)
	at sun.reflect.NativeMethodAccessorImpl.invoke0(Native Method)
	at sun.reflect.NativeMethodAccessorImpl.invoke(NativeMethodAccessorImpl.java:57)
	at sun.reflect.DelegatingMethodAccessorImpl.invoke(DelegatingMethodAccessorImpl.java:43)
	at java.lang.reflect.Method.invoke(Method.java:606)
	at org.testng.internal.MethodInvocationHelper.invokeMethod(MethodInvocationHelper.java:84)
	at org.testng.internal.MethodInvocationHelper$1.runTestMethod(MethodInvocationHelper.java:200)
	at org.springframework.test.context.testng.AbstractTestNGSpringContextTests.run(AbstractTestNGSpringContextTests.java:158)
	at sun.reflect.NativeMethodAccessorImpl.invoke0(Native Method)
	at sun.reflect.NativeMethodAccessorImpl.invoke(NativeMethodAccessorImpl.java:57)
	at sun.reflect.DelegatingMethodAccessorImpl.invoke(DelegatingMethodAccessorImpl.java:43)
	at java.lang.reflect.Method.invoke(Method.java:606)
	at org.testng.internal.MethodInvocationHelper.invokeHookable(MethodInvocationHelper.java:212)
	at org.testng.internal.Invoker.invokeMethod(Invoker.java:707)
	at org.testng.internal.Invoker.invokeTestMethod(Invoker.java:901)
	at org.testng.internal.Invoker.invokeTestMethods(Invoker.java:1231)
	at org.testng.internal.TestMethodWorker.invokeTestMethods(TestMethodWorker.java:127)
	at org.testng.internal.TestMethodWorker.run(TestMethodWorker.java:111)
	at org.testng.TestRunner.privateRun(TestRunner.java:767)
	at org.testng.TestRunner.run(TestRunner.java:617)
	at org.testng.SuiteRunner.runTest(SuiteRunner.java:334)
	at org.testng.SuiteRunner.runSequentially(SuiteRunner.java:329)
	at org.testng.SuiteRunner.privateRun(SuiteRunner.java:291)
	at org.testng.SuiteRunner.run(SuiteRunner.java:240)
	at org.testng.SuiteRunnerWorker.runSuite(SuiteRunnerWorker.java:52)
	at org.testng.SuiteRunnerWorker.run(SuiteRunnerWorker.java:86)
	at org.testng.TestNG.runSuitesSequentially(TestNG.java:1224)
	at org.testng.TestNG.runSuitesLocally(TestNG.java:1149)
	at org.testng.TestNG.run(TestNG.java:1057)
	at org.testng.remote.RemoteTestNG.run(RemoteTestNG.java:111)
	at org.testng.remote.RemoteTestNG.initAndRun(RemoteTestNG.java:204)
	at org.testng.remote.RemoteTestNG.main(RemoteTestNG.java:175)
]]>
            </full-stacktrace>
          </exception> <!-- java.util.NoSuchElementException -->
          <reporter-output>
          </reporter-output>
        </test-method> <!-- createAccountWithNonExistentClientThrowsException -->
        <test-method status="PASS" signature="springTestContextBeforeTestMethod(java.lang.reflect.Method)[pri:0, instance:com.payulatam.samples.bank.test.service.integration.AccountServiceIntegrationTest@3fea4043]" name="springTestContextBeforeTestMethod" is-config="true" duration-ms="0" started-at="2014-01-23T11:29:07Z" finished-at="2014-01-23T11:29:07Z">
          <params>
            <param index="0">
              <value>
                <![CDATA[public void com.payulatam.samples.bank.test.service.integration.AccountServiceIntegrationTest.createAccountWithNonExistentClientThrowsException()]]>
              </value>
            </param>
          </params>
          <reporter-output>
          </reporter-output>
        </test-method> <!-- springTestContextBeforeTestMethod -->
        <test-method status="PASS" signature="beforeMethod()[pri:0, instance:com.payulatam.samples.bank.test.service.integration.AccountServiceIntegrationTest@3fea4043]" name="beforeMethod" is-config="true" duration-ms="0" started-at="2014-01-23T11:29:07Z" finished-at="2014-01-23T11:29:07Z">
          <reporter-output>
          </reporter-output>
        </test-method> <!-- beforeMethod -->
        <test-method status="PASS" signature="deleteAccountDeletesAccountInGigaSpace()[pri:0, instance:com.payulatam.samples.bank.test.service.integration.AccountServiceIntegrationTest@3fea4043]" name="deleteAccountDeletesAccountInGigaSpace" duration-ms="33" started-at="2014-01-23T11:29:07Z" finished-at="2014-01-23T11:29:07Z">
          <reporter-output>
          </reporter-output>
        </test-method> <!-- deleteAccountDeletesAccountInGigaSpace -->
        <test-method status="PASS" signature="beforeMethod()[pri:0, instance:com.payulatam.samples.bank.test.service.integration.AccountServiceIntegrationTest@3fea4043]" name="beforeMethod" is-config="true" duration-ms="0" started-at="2014-01-23T11:29:07Z" finished-at="2014-01-23T11:29:07Z">
          <reporter-output>
          </reporter-output>
        </test-method> <!-- beforeMethod -->
        <test-method status="PASS" signature="springTestContextAfterTestMethod(java.lang.reflect.Method)[pri:0, instance:com.payulatam.samples.bank.test.service.integration.AccountServiceIntegrationTest@3fea4043]" name="springTestContextAfterTestMethod" is-config="true" duration-ms="0" started-at="2014-01-23T11:29:07Z" finished-at="2014-01-23T11:29:07Z">
          <params>
            <param index="0">
              <value>
                <![CDATA[public void com.payulatam.samples.bank.test.service.integration.AccountServiceIntegrationTest.createAccountWithNonExistentClientThrowsException()]]>
              </value>
            </param>
          </params>
          <reporter-output>
          </reporter-output>
        </test-method> <!-- springTestContextAfterTestMethod -->
        <test-method status="PASS" signature="springTestContextBeforeTestMethod(java.lang.reflect.Method)[pri:0, instance:com.payulatam.samples.bank.test.service.integration.AccountServiceIntegrationTest@3fea4043]" name="springTestContextBeforeTestMethod" is-config="true" duration-ms="0" started-at="2014-01-23T11:29:07Z" finished-at="2014-01-23T11:29:07Z">
          <params>
            <param index="0">
              <value>
                <![CDATA[public void com.payulatam.samples.bank.test.service.integration.AccountServiceIntegrationTest.deleteAccountDeletesAccountInGigaSpace()]]>
              </value>
            </param>
          </params>
          <reporter-output>
          </reporter-output>
        </test-method> <!-- springTestContextBeforeTestMethod -->
        <test-method status="PASS" signature="springTestContextBeforeTestMethod(java.lang.reflect.Method)[pri:0, instance:com.payulatam.samples.bank.test.service.integration.AccountServiceIntegrationTest@3fea4043]" name="springTestContextBeforeTestMethod" is-config="true" duration-ms="0" started-at="2014-01-23T11:29:07Z" finished-at="2014-01-23T11:29:07Z">
          <params>
            <param index="0">
              <value>
                <![CDATA[public void com.payulatam.samples.bank.test.service.integration.AccountServiceIntegrationTest.deleteAccountDeletesItsTransactions()]]>
              </value>
            </param>
          </params>
          <reporter-output>
          </reporter-output>
        </test-method> <!-- springTestContextBeforeTestMethod -->
        <test-method status="PASS" signature="springTestContextAfterTestMethod(java.lang.reflect.Method)[pri:0, instance:com.payulatam.samples.bank.test.service.integration.AccountServiceIntegrationTest@3fea4043]" name="springTestContextAfterTestMethod" is-config="true" duration-ms="0" started-at="2014-01-23T11:29:07Z" finished-at="2014-01-23T11:29:07Z">
          <params>
            <param index="0">
              <value>
                <![CDATA[public void com.payulatam.samples.bank.test.service.integration.AccountServiceIntegrationTest.deleteAccountDeletesAccountInGigaSpace()]]>
              </value>
            </param>
          </params>
          <reporter-output>
          </reporter-output>
        </test-method> <!-- springTestContextAfterTestMethod -->
        <test-method status="PASS" signature="beforeMethod()[pri:0, instance:com.payulatam.samples.bank.test.service.integration.AccountServiceIntegrationTest@3fea4043]" name="beforeMethod" is-config="true" duration-ms="1" started-at="2014-01-23T11:29:07Z" finished-at="2014-01-23T11:29:07Z">
          <reporter-output>
          </reporter-output>
        </test-method> <!-- beforeMethod -->
        <test-method status="PASS" signature="deleteAccountDeletesItsTransactions()[pri:0, instance:com.payulatam.samples.bank.test.service.integration.AccountServiceIntegrationTest@3fea4043]" name="deleteAccountDeletesItsTransactions" duration-ms="5" started-at="2014-01-23T11:29:07Z" finished-at="2014-01-23T11:29:07Z">
          <reporter-output>
          </reporter-output>
        </test-method> <!-- deleteAccountDeletesItsTransactions -->
        <test-method status="PASS" signature="springTestContextAfterTestMethod(java.lang.reflect.Method)[pri:0, instance:com.payulatam.samples.bank.test.service.integration.AccountServiceIntegrationTest@3fea4043]" name="springTestContextAfterTestMethod" is-config="true" duration-ms="0" started-at="2014-01-23T11:29:07Z" finished-at="2014-01-23T11:29:07Z">
          <params>
            <param index="0">
              <value>
                <![CDATA[public void com.payulatam.samples.bank.test.service.integration.AccountServiceIntegrationTest.deleteAccountDeletesItsTransactions()]]>
              </value>
            </param>
          </params>
          <reporter-output>
          </reporter-output>
        </test-method> <!-- springTestContextAfterTestMethod -->
        <test-method status="PASS" signature="springTestContextBeforeTestMethod(java.lang.reflect.Method)[pri:0, instance:com.payulatam.samples.bank.test.service.integration.AccountServiceIntegrationTest@3fea4043]" name="springTestContextBeforeTestMethod" is-config="true" duration-ms="0" started-at="2014-01-23T11:29:07Z" finished-at="2014-01-23T11:29:07Z">
          <params>
            <param index="0">
              <value>
                <![CDATA[public void com.payulatam.samples.bank.test.service.integration.AccountServiceIntegrationTest.deleteAccountReturnsDeletedAccount()]]>
              </value>
            </param>
          </params>
          <reporter-output>
          </reporter-output>
        </test-method> <!-- springTestContextBeforeTestMethod -->
        <test-method status="PASS" signature="deleteAccountReturnsDeletedAccount()[pri:0, instance:com.payulatam.samples.bank.test.service.integration.AccountServiceIntegrationTest@3fea4043]" name="deleteAccountReturnsDeletedAccount" duration-ms="1" started-at="2014-01-23T11:29:07Z" finished-at="2014-01-23T11:29:07Z">
          <reporter-output>
          </reporter-output>
        </test-method> <!-- deleteAccountReturnsDeletedAccount -->
        <test-method status="PASS" signature="beforeMethod()[pri:0, instance:com.payulatam.samples.bank.test.service.integration.AccountServiceIntegrationTest@3fea4043]" name="beforeMethod" is-config="true" duration-ms="0" started-at="2014-01-23T11:29:07Z" finished-at="2014-01-23T11:29:07Z">
          <reporter-output>
          </reporter-output>
        </test-method> <!-- beforeMethod -->
        <test-method status="PASS" signature="springTestContextAfterTestMethod(java.lang.reflect.Method)[pri:0, instance:com.payulatam.samples.bank.test.service.integration.AccountServiceIntegrationTest@3fea4043]" name="springTestContextAfterTestMethod" is-config="true" duration-ms="0" started-at="2014-01-23T11:29:07Z" finished-at="2014-01-23T11:29:07Z">
          <params>
            <param index="0">
              <value>
                <![CDATA[public void com.payulatam.samples.bank.test.service.integration.AccountServiceIntegrationTest.deleteAccountReturnsDeletedAccount()]]>
              </value>
            </param>
          </params>
          <reporter-output>
          </reporter-output>
        </test-method> <!-- springTestContextAfterTestMethod -->
        <test-method status="PASS" signature="beforeMethod()[pri:0, instance:com.payulatam.samples.bank.test.service.integration.AccountServiceIntegrationTest@3fea4043]" name="beforeMethod" is-config="true" duration-ms="0" started-at="2014-01-23T11:29:07Z" finished-at="2014-01-23T11:29:07Z">
          <reporter-output>
          </reporter-output>
        </test-method> <!-- beforeMethod -->
        <test-method status="PASS" signature="springTestContextBeforeTestMethod(java.lang.reflect.Method)[pri:0, instance:com.payulatam.samples.bank.test.service.integration.AccountServiceIntegrationTest@3fea4043]" name="springTestContextBeforeTestMethod" is-config="true" duration-ms="0" started-at="2014-01-23T11:29:07Z" finished-at="2014-01-23T11:29:07Z">
          <params>
            <param index="0">
              <value>
                <![CDATA[public void com.payulatam.samples.bank.test.service.integration.AccountServiceIntegrationTest.deleteNonExistentAccountThrowsException()]]>
              </value>
            </param>
          </params>
          <reporter-output>
          </reporter-output>
        </test-method> <!-- springTestContextBeforeTestMethod -->
        <test-method status="PASS" signature="deleteNonExistentAccountThrowsException()[pri:0, instance:com.payulatam.samples.bank.test.service.integration.AccountServiceIntegrationTest@3fea4043]" name="deleteNonExistentAccountThrowsException" duration-ms="1" started-at="2014-01-23T11:29:07Z" finished-at="2014-01-23T11:29:07Z">
          <exception class="java.util.NoSuchElementException">
            <message>
              <![CDATA[Account with Id <nonExistentId> does not exist]]>
            </message>
            <full-stacktrace>
              <![CDATA[java.util.NoSuchElementException: Account with Id <nonExistentId> does not exist
	at com.payulatam.samples.bank.service.impl.AccountService.delete(AccountService.java:56)
	at sun.reflect.NativeMethodAccessorImpl.invoke0(Native Method)
	at sun.reflect.NativeMethodAccessorImpl.invoke(NativeMethodAccessorImpl.java:57)
	at sun.reflect.DelegatingMethodAccessorImpl.invoke(DelegatingMethodAccessorImpl.java:43)
	at java.lang.reflect.Method.invoke(Method.java:606)
	at org.springframework.aop.support.AopUtils.invokeJoinpointUsingReflection(AopUtils.java:319)
	at org.springframework.aop.framework.ReflectiveMethodInvocation.invokeJoinpoint(ReflectiveMethodInvocation.java:183)
	at org.springframework.aop.framework.ReflectiveMethodInvocation.proceed(ReflectiveMethodInvocation.java:150)
	at org.springframework.transaction.interceptor.TransactionInterceptor.invoke(TransactionInterceptor.java:110)
	at org.springframework.aop.framework.ReflectiveMethodInvocation.proceed(ReflectiveMethodInvocation.java:172)
	at org.springframework.aop.framework.JdkDynamicAopProxy.invoke(JdkDynamicAopProxy.java:202)
	at com.sun.proxy.$Proxy29.delete(Unknown Source)
	at com.payulatam.samples.bank.test.service.integration.AccountServiceIntegrationTest.deleteNonExistentAccountThrowsException(AccountServiceIntegrationTest.java:114)
	at sun.reflect.NativeMethodAccessorImpl.invoke0(Native Method)
	at sun.reflect.NativeMethodAccessorImpl.invoke(NativeMethodAccessorImpl.java:57)
	at sun.reflect.DelegatingMethodAccessorImpl.invoke(DelegatingMethodAccessorImpl.java:43)
	at java.lang.reflect.Method.invoke(Method.java:606)
	at org.testng.internal.MethodInvocationHelper.invokeMethod(MethodInvocationHelper.java:84)
	at org.testng.internal.MethodInvocationHelper$1.runTestMethod(MethodInvocationHelper.java:200)
	at org.springframework.test.context.testng.AbstractTestNGSpringContextTests.run(AbstractTestNGSpringContextTests.java:158)
	at sun.reflect.NativeMethodAccessorImpl.invoke0(Native Method)
	at sun.reflect.NativeMethodAccessorImpl.invoke(NativeMethodAccessorImpl.java:57)
	at sun.reflect.DelegatingMethodAccessorImpl.invoke(DelegatingMethodAccessorImpl.java:43)
	at java.lang.reflect.Method.invoke(Method.java:606)
	at org.testng.internal.MethodInvocationHelper.invokeHookable(MethodInvocationHelper.java:212)
	at org.testng.internal.Invoker.invokeMethod(Invoker.java:707)
	at org.testng.internal.Invoker.invokeTestMethod(Invoker.java:901)
	at org.testng.internal.Invoker.invokeTestMethods(Invoker.java:1231)
	at org.testng.internal.TestMethodWorker.invokeTestMethods(TestMethodWorker.java:127)
	at org.testng.internal.TestMethodWorker.run(TestMethodWorker.java:111)
	at org.testng.TestRunner.privateRun(TestRunner.java:767)
	at org.testng.TestRunner.run(TestRunner.java:617)
	at org.testng.SuiteRunner.runTest(SuiteRunner.java:334)
	at org.testng.SuiteRunner.runSequentially(SuiteRunner.java:329)
	at org.testng.SuiteRunner.privateRun(SuiteRunner.java:291)
	at org.testng.SuiteRunner.run(SuiteRunner.java:240)
	at org.testng.SuiteRunnerWorker.runSuite(SuiteRunnerWorker.java:52)
	at org.testng.SuiteRunnerWorker.run(SuiteRunnerWorker.java:86)
	at org.testng.TestNG.runSuitesSequentially(TestNG.java:1224)
	at org.testng.TestNG.runSuitesLocally(TestNG.java:1149)
	at org.testng.TestNG.run(TestNG.java:1057)
	at org.testng.remote.RemoteTestNG.run(RemoteTestNG.java:111)
	at org.testng.remote.RemoteTestNG.initAndRun(RemoteTestNG.java:204)
	at org.testng.remote.RemoteTestNG.main(RemoteTestNG.java:175)
]]>
            </full-stacktrace>
          </exception> <!-- java.util.NoSuchElementException -->
          <reporter-output>
          </reporter-output>
        </test-method> <!-- deleteNonExistentAccountThrowsException -->
        <test-method status="PASS" signature="springTestContextAfterTestMethod(java.lang.reflect.Method)[pri:0, instance:com.payulatam.samples.bank.test.service.integration.AccountServiceIntegrationTest@3fea4043]" name="springTestContextAfterTestMethod" is-config="true" duration-ms="1" started-at="2014-01-23T11:29:07Z" finished-at="2014-01-23T11:29:07Z">
          <params>
            <param index="0">
              <value>
                <![CDATA[public void com.payulatam.samples.bank.test.service.integration.AccountServiceIntegrationTest.deleteNonExistentAccountThrowsException()]]>
              </value>
            </param>
          </params>
          <reporter-output>
          </reporter-output>
        </test-method> <!-- springTestContextAfterTestMethod -->
        <test-method status="PASS" signature="searchAcountByIdReturnsRightAccount()[pri:0, instance:com.payulatam.samples.bank.test.service.integration.AccountServiceIntegrationTest@3fea4043]" name="searchAcountByIdReturnsRightAccount" duration-ms="1" started-at="2014-01-23T11:29:07Z" finished-at="2014-01-23T11:29:07Z">
          <reporter-output>
          </reporter-output>
        </test-method> <!-- searchAcountByIdReturnsRightAccount -->
        <test-method status="PASS" signature="beforeMethod()[pri:0, instance:com.payulatam.samples.bank.test.service.integration.AccountServiceIntegrationTest@3fea4043]" name="beforeMethod" is-config="true" duration-ms="0" started-at="2014-01-23T11:29:07Z" finished-at="2014-01-23T11:29:07Z">
          <reporter-output>
          </reporter-output>
        </test-method> <!-- beforeMethod -->
        <test-method status="PASS" signature="springTestContextBeforeTestMethod(java.lang.reflect.Method)[pri:0, instance:com.payulatam.samples.bank.test.service.integration.AccountServiceIntegrationTest@3fea4043]" name="springTestContextBeforeTestMethod" is-config="true" duration-ms="0" started-at="2014-01-23T11:29:07Z" finished-at="2014-01-23T11:29:07Z">
          <params>
            <param index="0">
              <value>
                <![CDATA[public void com.payulatam.samples.bank.test.service.integration.AccountServiceIntegrationTest.searchAcountByIdReturnsRightAccount()]]>
              </value>
            </param>
          </params>
          <reporter-output>
          </reporter-output>
        </test-method> <!-- springTestContextBeforeTestMethod -->
        <test-method status="PASS" signature="springTestContextBeforeTestMethod(java.lang.reflect.Method)[pri:0, instance:com.payulatam.samples.bank.test.service.integration.AccountServiceIntegrationTest@3fea4043]" name="springTestContextBeforeTestMethod" is-config="true" duration-ms="1" started-at="2014-01-23T11:29:07Z" finished-at="2014-01-23T11:29:07Z">
          <params>
            <param index="0">
              <value>
                <![CDATA[public void com.payulatam.samples.bank.test.service.integration.AccountServiceIntegrationTest.searchAcountByNonExistentIdThrowsException()]]>
              </value>
            </param>
          </params>
          <reporter-output>
          </reporter-output>
        </test-method> <!-- springTestContextBeforeTestMethod -->
        <test-method status="PASS" signature="springTestContextAfterTestMethod(java.lang.reflect.Method)[pri:0, instance:com.payulatam.samples.bank.test.service.integration.AccountServiceIntegrationTest@3fea4043]" name="springTestContextAfterTestMethod" is-config="true" duration-ms="0" started-at="2014-01-23T11:29:07Z" finished-at="2014-01-23T11:29:07Z">
          <params>
            <param index="0">
              <value>
                <![CDATA[public void com.payulatam.samples.bank.test.service.integration.AccountServiceIntegrationTest.searchAcountByIdReturnsRightAccount()]]>
              </value>
            </param>
          </params>
          <reporter-output>
          </reporter-output>
        </test-method> <!-- springTestContextAfterTestMethod -->
        <test-method status="PASS" signature="beforeMethod()[pri:0, instance:com.payulatam.samples.bank.test.service.integration.AccountServiceIntegrationTest@3fea4043]" name="beforeMethod" is-config="true" duration-ms="0" started-at="2014-01-23T11:29:07Z" finished-at="2014-01-23T11:29:07Z">
          <reporter-output>
          </reporter-output>
        </test-method> <!-- beforeMethod -->
        <test-method status="PASS" signature="searchAcountByNonExistentIdThrowsException()[pri:0, instance:com.payulatam.samples.bank.test.service.integration.AccountServiceIntegrationTest@3fea4043]" name="searchAcountByNonExistentIdThrowsException" duration-ms="0" started-at="2014-01-23T11:29:07Z" finished-at="2014-01-23T11:29:07Z">
          <exception class="java.util.NoSuchElementException">
            <full-stacktrace>
              <![CDATA[java.util.NoSuchElementException
	at com.payulatam.samples.bank.service.impl.AccountService.searchById(AccountService.java:72)
	at sun.reflect.NativeMethodAccessorImpl.invoke0(Native Method)
	at sun.reflect.NativeMethodAccessorImpl.invoke(NativeMethodAccessorImpl.java:57)
	at sun.reflect.DelegatingMethodAccessorImpl.invoke(DelegatingMethodAccessorImpl.java:43)
	at java.lang.reflect.Method.invoke(Method.java:606)
	at org.springframework.aop.support.AopUtils.invokeJoinpointUsingReflection(AopUtils.java:319)
	at org.springframework.aop.framework.JdkDynamicAopProxy.invoke(JdkDynamicAopProxy.java:196)
	at com.sun.proxy.$Proxy29.searchById(Unknown Source)
	at com.payulatam.samples.bank.test.service.integration.AccountServiceIntegrationTest.searchAcountByNonExistentIdThrowsException(AccountServiceIntegrationTest.java:148)
	at sun.reflect.NativeMethodAccessorImpl.invoke0(Native Method)
	at sun.reflect.NativeMethodAccessorImpl.invoke(NativeMethodAccessorImpl.java:57)
	at sun.reflect.DelegatingMethodAccessorImpl.invoke(DelegatingMethodAccessorImpl.java:43)
	at java.lang.reflect.Method.invoke(Method.java:606)
	at org.testng.internal.MethodInvocationHelper.invokeMethod(MethodInvocationHelper.java:84)
	at org.testng.internal.MethodInvocationHelper$1.runTestMethod(MethodInvocationHelper.java:200)
	at org.springframework.test.context.testng.AbstractTestNGSpringContextTests.run(AbstractTestNGSpringContextTests.java:158)
	at sun.reflect.NativeMethodAccessorImpl.invoke0(Native Method)
	at sun.reflect.NativeMethodAccessorImpl.invoke(NativeMethodAccessorImpl.java:57)
	at sun.reflect.DelegatingMethodAccessorImpl.invoke(DelegatingMethodAccessorImpl.java:43)
	at java.lang.reflect.Method.invoke(Method.java:606)
	at org.testng.internal.MethodInvocationHelper.invokeHookable(MethodInvocationHelper.java:212)
	at org.testng.internal.Invoker.invokeMethod(Invoker.java:707)
	at org.testng.internal.Invoker.invokeTestMethod(Invoker.java:901)
	at org.testng.internal.Invoker.invokeTestMethods(Invoker.java:1231)
	at org.testng.internal.TestMethodWorker.invokeTestMethods(TestMethodWorker.java:127)
	at org.testng.internal.TestMethodWorker.run(TestMethodWorker.java:111)
	at org.testng.TestRunner.privateRun(TestRunner.java:767)
	at org.testng.TestRunner.run(TestRunner.java:617)
	at org.testng.SuiteRunner.runTest(SuiteRunner.java:334)
	at org.testng.SuiteRunner.runSequentially(SuiteRunner.java:329)
	at org.testng.SuiteRunner.privateRun(SuiteRunner.java:291)
	at org.testng.SuiteRunner.run(SuiteRunner.java:240)
	at org.testng.SuiteRunnerWorker.runSuite(SuiteRunnerWorker.java:52)
	at org.testng.SuiteRunnerWorker.run(SuiteRunnerWorker.java:86)
	at org.testng.TestNG.runSuitesSequentially(TestNG.java:1224)
	at org.testng.TestNG.runSuitesLocally(TestNG.java:1149)
	at org.testng.TestNG.run(TestNG.java:1057)
	at org.testng.remote.RemoteTestNG.run(RemoteTestNG.java:111)
	at org.testng.remote.RemoteTestNG.initAndRun(RemoteTestNG.java:204)
	at org.testng.remote.RemoteTestNG.main(RemoteTestNG.java:175)
]]>
            </full-stacktrace>
          </exception> <!-- java.util.NoSuchElementException -->
          <reporter-output>
          </reporter-output>
        </test-method> <!-- searchAcountByNonExistentIdThrowsException -->
        <test-method status="PASS" signature="beforeMethod()[pri:0, instance:com.payulatam.samples.bank.test.service.integration.AccountServiceIntegrationTest@3fea4043]" name="beforeMethod" is-config="true" duration-ms="1" started-at="2014-01-23T11:29:07Z" finished-at="2014-01-23T11:29:07Z">
          <reporter-output>
          </reporter-output>
        </test-method> <!-- beforeMethod -->
        <test-method status="PASS" signature="springTestContextAfterTestMethod(java.lang.reflect.Method)[pri:0, instance:com.payulatam.samples.bank.test.service.integration.AccountServiceIntegrationTest@3fea4043]" name="springTestContextAfterTestMethod" is-config="true" duration-ms="0" started-at="2014-01-23T11:29:07Z" finished-at="2014-01-23T11:29:07Z">
          <params>
            <param index="0">
              <value>
                <![CDATA[public void com.payulatam.samples.bank.test.service.integration.AccountServiceIntegrationTest.searchAcountByNonExistentIdThrowsException()]]>
              </value>
            </param>
          </params>
          <reporter-output>
          </reporter-output>
        </test-method> <!-- springTestContextAfterTestMethod -->
        <test-method status="PASS" signature="springTestContextBeforeTestMethod(java.lang.reflect.Method)[pri:0, instance:com.payulatam.samples.bank.test.service.integration.AccountServiceIntegrationTest@3fea4043]" name="springTestContextBeforeTestMethod" is-config="true" duration-ms="0" started-at="2014-01-23T11:29:07Z" finished-at="2014-01-23T11:29:07Z">
          <params>
            <param index="0">
              <value>
                <![CDATA[public void com.payulatam.samples.bank.test.service.integration.AccountServiceIntegrationTest.searchAcountsByClientIdReturnsRightAccounts()]]>
              </value>
            </param>
          </params>
          <reporter-output>
          </reporter-output>
        </test-method> <!-- springTestContextBeforeTestMethod -->
        <test-method status="PASS" signature="searchAcountsByClientIdReturnsRightAccounts()[pri:0, instance:com.payulatam.samples.bank.test.service.integration.AccountServiceIntegrationTest@3fea4043]" name="searchAcountsByClientIdReturnsRightAccounts" duration-ms="63" started-at="2014-01-23T11:29:07Z" finished-at="2014-01-23T11:29:07Z">
          <reporter-output>
          </reporter-output>
        </test-method> <!-- searchAcountsByClientIdReturnsRightAccounts -->
        <test-method status="PASS" signature="springTestContextAfterTestMethod(java.lang.reflect.Method)[pri:0, instance:com.payulatam.samples.bank.test.service.integration.AccountServiceIntegrationTest@3fea4043]" name="springTestContextAfterTestMethod" is-config="true" duration-ms="0" started-at="2014-01-23T11:29:07Z" finished-at="2014-01-23T11:29:07Z">
          <params>
            <param index="0">
              <value>
                <![CDATA[public void com.payulatam.samples.bank.test.service.integration.AccountServiceIntegrationTest.searchAcountsByClientIdReturnsRightAccounts()]]>
              </value>
            </param>
          </params>
          <reporter-output>
          </reporter-output>
        </test-method> <!-- springTestContextAfterTestMethod -->
        <test-method status="PASS" signature="searchAcountsByNonExistentClientIdThrowsException()[pri:0, instance:com.payulatam.samples.bank.test.service.integration.AccountServiceIntegrationTest@3fea4043]" name="searchAcountsByNonExistentClientIdThrowsException" duration-ms="1" started-at="2014-01-23T11:29:07Z" finished-at="2014-01-23T11:29:07Z">
          <exception class="java.util.NoSuchElementException">
            <full-stacktrace>
              <![CDATA[java.util.NoSuchElementException
	at com.payulatam.samples.bank.service.impl.AccountService.searchAccountsByClientId(AccountService.java:84)
	at sun.reflect.NativeMethodAccessorImpl.invoke0(Native Method)
	at sun.reflect.NativeMethodAccessorImpl.invoke(NativeMethodAccessorImpl.java:57)
	at sun.reflect.DelegatingMethodAccessorImpl.invoke(DelegatingMethodAccessorImpl.java:43)
	at java.lang.reflect.Method.invoke(Method.java:606)
	at org.springframework.aop.support.AopUtils.invokeJoinpointUsingReflection(AopUtils.java:319)
	at org.springframework.aop.framework.JdkDynamicAopProxy.invoke(JdkDynamicAopProxy.java:196)
	at com.sun.proxy.$Proxy29.searchAccountsByClientId(Unknown Source)
	at com.payulatam.samples.bank.test.service.integration.AccountServiceIntegrationTest.searchAcountsByNonExistentClientIdThrowsException(AccountServiceIntegrationTest.java:178)
	at sun.reflect.NativeMethodAccessorImpl.invoke0(Native Method)
	at sun.reflect.NativeMethodAccessorImpl.invoke(NativeMethodAccessorImpl.java:57)
	at sun.reflect.DelegatingMethodAccessorImpl.invoke(DelegatingMethodAccessorImpl.java:43)
	at java.lang.reflect.Method.invoke(Method.java:606)
	at org.testng.internal.MethodInvocationHelper.invokeMethod(MethodInvocationHelper.java:84)
	at org.testng.internal.MethodInvocationHelper$1.runTestMethod(MethodInvocationHelper.java:200)
	at org.springframework.test.context.testng.AbstractTestNGSpringContextTests.run(AbstractTestNGSpringContextTests.java:158)
	at sun.reflect.NativeMethodAccessorImpl.invoke0(Native Method)
	at sun.reflect.NativeMethodAccessorImpl.invoke(NativeMethodAccessorImpl.java:57)
	at sun.reflect.DelegatingMethodAccessorImpl.invoke(DelegatingMethodAccessorImpl.java:43)
	at java.lang.reflect.Method.invoke(Method.java:606)
	at org.testng.internal.MethodInvocationHelper.invokeHookable(MethodInvocationHelper.java:212)
	at org.testng.internal.Invoker.invokeMethod(Invoker.java:707)
	at org.testng.internal.Invoker.invokeTestMethod(Invoker.java:901)
	at org.testng.internal.Invoker.invokeTestMethods(Invoker.java:1231)
	at org.testng.internal.TestMethodWorker.invokeTestMethods(TestMethodWorker.java:127)
	at org.testng.internal.TestMethodWorker.run(TestMethodWorker.java:111)
	at org.testng.TestRunner.privateRun(TestRunner.java:767)
	at org.testng.TestRunner.run(TestRunner.java:617)
	at org.testng.SuiteRunner.runTest(SuiteRunner.java:334)
	at org.testng.SuiteRunner.runSequentially(SuiteRunner.java:329)
	at org.testng.SuiteRunner.privateRun(SuiteRunner.java:291)
	at org.testng.SuiteRunner.run(SuiteRunner.java:240)
	at org.testng.SuiteRunnerWorker.runSuite(SuiteRunnerWorker.java:52)
	at org.testng.SuiteRunnerWorker.run(SuiteRunnerWorker.java:86)
	at org.testng.TestNG.runSuitesSequentially(TestNG.java:1224)
	at org.testng.TestNG.runSuitesLocally(TestNG.java:1149)
	at org.testng.TestNG.run(TestNG.java:1057)
	at org.testng.remote.RemoteTestNG.run(RemoteTestNG.java:111)
	at org.testng.remote.RemoteTestNG.initAndRun(RemoteTestNG.java:204)
	at org.testng.remote.RemoteTestNG.main(RemoteTestNG.java:175)
]]>
            </full-stacktrace>
          </exception> <!-- java.util.NoSuchElementException -->
          <reporter-output>
          </reporter-output>
        </test-method> <!-- searchAcountsByNonExistentClientIdThrowsException -->
        <test-method status="PASS" signature="beforeMethod()[pri:0, instance:com.payulatam.samples.bank.test.service.integration.AccountServiceIntegrationTest@3fea4043]" name="beforeMethod" is-config="true" duration-ms="0" started-at="2014-01-23T11:29:07Z" finished-at="2014-01-23T11:29:07Z">
          <reporter-output>
          </reporter-output>
        </test-method> <!-- beforeMethod -->
        <test-method status="PASS" signature="springTestContextBeforeTestMethod(java.lang.reflect.Method)[pri:0, instance:com.payulatam.samples.bank.test.service.integration.AccountServiceIntegrationTest@3fea4043]" name="springTestContextBeforeTestMethod" is-config="true" duration-ms="0" started-at="2014-01-23T11:29:07Z" finished-at="2014-01-23T11:29:07Z">
          <params>
            <param index="0">
              <value>
                <![CDATA[public void com.payulatam.samples.bank.test.service.integration.AccountServiceIntegrationTest.searchAcountsByNonExistentClientIdThrowsException()]]>
              </value>
            </param>
          </params>
          <reporter-output>
          </reporter-output>
        </test-method> <!-- springTestContextBeforeTestMethod -->
        <test-method status="PASS" signature="springTestContextAfterTestMethod(java.lang.reflect.Method)[pri:0, instance:com.payulatam.samples.bank.test.service.integration.AccountServiceIntegrationTest@3fea4043]" name="springTestContextAfterTestMethod" is-config="true" duration-ms="1" started-at="2014-01-23T11:29:07Z" finished-at="2014-01-23T11:29:07Z">
          <params>
            <param index="0">
              <value>
                <![CDATA[public void com.payulatam.samples.bank.test.service.integration.AccountServiceIntegrationTest.searchAcountsByNonExistentClientIdThrowsException()]]>
              </value>
            </param>
          </params>
          <reporter-output>
          </reporter-output>
        </test-method> <!-- springTestContextAfterTestMethod -->
        <test-method status="PASS" signature="afterClass()[pri:0, instance:com.payulatam.samples.bank.test.service.integration.AccountServiceIntegrationTest@3fea4043]" name="afterClass" is-config="true" duration-ms="0" started-at="2014-01-23T11:29:07Z" finished-at="2014-01-23T11:29:07Z">
          <reporter-output>
          </reporter-output>
        </test-method> <!-- afterClass -->
        <test-method status="PASS" signature="springTestContextAfterTestClass()[pri:0, instance:com.payulatam.samples.bank.test.service.integration.AccountServiceIntegrationTest@3fea4043]" name="springTestContextAfterTestClass" is-config="true" duration-ms="0" started-at="2014-01-23T11:29:07Z" finished-at="2014-01-23T11:29:07Z">
          <reporter-output>
          </reporter-output>
        </test-method> <!-- springTestContextAfterTestClass -->
      </class> <!-- com.payulatam.samples.bank.test.service.integration.AccountServiceIntegrationTest -->
    </test> <!-- Default test -->
  </suite> <!-- Default suite -->
</testng-results>
